<?xml version="1.0" encoding="UTF-8"?>
<!-- Generated by org.testng.reporters.JUnitReportReporter -->
<testsuite hostname="IslamAminPc" failures="0" tests="2" name="testcases.TC15_ConfirmOrder" time="0.825" errors="0" timestamp="2024-06-12T08:28:39 EEST" skipped="0">
  <testcase classname="testcases.TC15_ConfirmOrder" name="createSuccessfulOrder" time="0.437"/>
  <testcase classname="testcases.TC15_ConfirmOrder" name="createSuccessfulOrder" time="0.388"/>
</testsuite> <!-- testcases.TC15_ConfirmOrder -->
