<?xml version="1.0" encoding="UTF-8"?>
<!-- Generated by org.testng.reporters.JUnitReportReporter -->
<testsuite hostname="IslamAminPc" failures="0" tests="2" name="testcases.TC15_ConfirmOrder" time="0.834" errors="0" timestamp="2024-06-12T08:18:54 EEST" skipped="0">
  <testcase classname="testcases.TC15_ConfirmOrder" name="createSuccessfulOrder" time="0.367"/>
  <testcase classname="testcases.TC15_ConfirmOrder" name="createSuccessfulOrder" time="0.467"/>
</testsuite> <!-- testcases.TC15_ConfirmOrder -->
