<?xml version="1.0" encoding="UTF-8"?>
<!-- Generated by org.testng.reporters.JUnitReportReporter -->
<testsuite hostname="IslamAminPc" failures="0" tests="2" name="testcases.TC05_ChangeCurrency" time="0.574" errors="0" timestamp="2024-06-12T08:28:39 EEST" skipped="0">
  <testcase classname="testcases.TC05_ChangeCurrency" name="changeCurrency" time="0.055"/>
  <testcase classname="testcases.TC05_ChangeCurrency" name="changeCurrency" time="0.519"/>
</testsuite> <!-- testcases.TC05_ChangeCurrency -->
