<?xml version="1.0" encoding="UTF-8"?>
<!-- Generated by org.testng.reporters.JUnitReportReporter -->
<testsuite hostname="IslamAminPc" failures="0" tests="2" name="testcases.TC07_UserSelectDiffCatg" time="9.587" errors="0" timestamp="2024-06-12T08:28:39 EEST" skipped="0">
  <testcase classname="testcases.TC07_UserSelectDiffCatg" name="userSelectDiffCatg" time="4.532"/>
  <testcase classname="testcases.TC07_UserSelectDiffCatg" name="userSelectDiffCatg" time="5.055"/>
</testsuite> <!-- testcases.TC07_UserSelectDiffCatg -->
