<?xml version="1.0" encoding="UTF-8"?>
<!-- Generated by org.testng.reporters.JUnitReportReporter -->
<testsuite hostname="IslamAminPc" failures="0" tests="1" name="testcases.TC06_SelectRandomCategorie" time="1.481" errors="0" timestamp="2024-06-07T15:16:50 EEST" skipped="0">
  <testcase classname="testcases.TC06_SelectRandomCategorie" name="chooseRandomCategory" time="1.481"/>
</testsuite> <!-- testcases.TC06_SelectRandomCategorie -->
