<?xml version="1.0" encoding="UTF-8"?>
<!-- Generated by org.testng.reporters.JUnitReportReporter -->
<testsuite hostname="IslamAminPc" failures="0" tests="2" name="testcases.TC10_AddToWishListSenario" time="19.168" errors="0" timestamp="2024-06-12T08:28:39 EEST" skipped="0">
  <testcase classname="testcases.TC10_AddToWishListSenario" name="userAddToWishList" time="9.102"/>
  <testcase classname="testcases.TC10_AddToWishListSenario" name="userAddToWishList" time="10.066"/>
</testsuite> <!-- testcases.TC10_AddToWishListSenario -->
