<?xml version="1.0" encoding="UTF-8"?>
<!-- Generated by org.testng.reporters.JUnitReportReporter -->
<testsuite hostname="IslamAminPc" failures="0" tests="18" name="testcases.TC02_Login" time="138.473" errors="0" timestamp="2024-06-12T08:28:39 EEST" skipped="0">
  <testcase classname="testcases.TC02_Login" name="loginWithValidData_P" time="6.934"/>
  <testcase classname="testcases.TC02_Login" name="loginWithValidData_P" time="7.065"/>
  <testcase classname="testcases.TC02_Login" name="loginWithValidData_P" time="7.223"/>
  <testcase classname="testcases.TC02_Login" name="loginWithValidData_P" time="7.669"/>
  <testcase classname="testcases.TC02_Login" name="loginWithValidData_P" time="7.132"/>
  <testcase classname="testcases.TC02_Login" name="loginWithValidData_P" time="7.674"/>
  <testcase classname="testcases.TC02_Login" name="loginWithValidData_P" time="8.132"/>
  <testcase classname="testcases.TC02_Login" name="loginWithValidData_P" time="7.671"/>
  <testcase classname="testcases.TC02_Login" name="loginWithValidData_P" time="8.446"/>
  <testcase classname="testcases.TC02_Login" name="loginWithValidData_P" time="7.073"/>
  <testcase classname="testcases.TC02_Login" name="loginWithValidData_P" time="7.734"/>
  <testcase classname="testcases.TC02_Login" name="loginWithValidData_P" time="7.258"/>
  <testcase classname="testcases.TC02_Login" name="loginWithValidData_P" time="9.034"/>
  <testcase classname="testcases.TC02_Login" name="loginWithValidData_P" time="7.300"/>
  <testcase classname="testcases.TC02_Login" name="loginWithValidData_P" time="7.844"/>
  <testcase classname="testcases.TC02_Login" name="loginWithValidData_P" time="7.695"/>
  <testcase classname="testcases.TC02_Login" name="loginWithValidData_P" time="9.034"/>
  <testcase classname="testcases.TC02_Login" name="loginWithValidData_P" time="7.555"/>
</testsuite> <!-- testcases.TC02_Login -->
