<?xml version="1.0" encoding="UTF-8"?>
<!-- Generated by org.testng.reporters.JUnitReportReporter -->
<testsuite hostname="IslamAminPc" failures="0" tests="2" name="testcases.TC04_SearchFunction" time="4.029" errors="0" timestamp="2024-06-12T08:28:39 EEST" skipped="0">
  <testcase classname="testcases.TC04_SearchFunction" name="searchForAnyProduct" time="2.093"/>
  <testcase classname="testcases.TC04_SearchFunction" name="searchForAnyProduct" time="1.936"/>
</testsuite> <!-- testcases.TC04_SearchFunction -->
