<?xml version="1.0" encoding="UTF-8"?>
<!-- Generated by org.testng.reporters.JUnitReportReporter -->
<testsuite hostname="IslamAminPc" failures="0" tests="2" name="testcases.TC03_ResetPassword" time="18.989" errors="0" timestamp="2024-06-12T08:28:39 EEST" skipped="0">
  <testcase classname="testcases.TC03_ResetPassword" name="resetPassword" time="9.220"/>
  <testcase classname="testcases.TC03_ResetPassword" name="resetPassword" time="9.769"/>
</testsuite> <!-- testcases.TC03_ResetPassword -->
