<?xml version="1.0" encoding="UTF-8"?>
<!-- Generated by org.testng.reporters.JUnitReportReporter -->
<testsuite hostname="IslamAminPc" failures="0" tests="2" name="testcases.TC12_CheckoutIteams" time="26.067" errors="0" timestamp="2024-06-12T08:28:39 EEST" skipped="0">
  <testcase classname="testcases.TC12_CheckoutIteams" name="checkoutIteams" time="12.953"/>
  <testcase classname="testcases.TC12_CheckoutIteams" name="checkoutIteams" time="13.114"/>
</testsuite> <!-- testcases.TC12_CheckoutIteams -->
