<?xml version="1.0" encoding="UTF-8"?>
<!-- Generated by org.testng.reporters.JUnitReportReporter -->
<testsuite hostname="IslamAminPc" failures="0" tests="1" name="testcases.TC02_Login" time="6.231" errors="0" timestamp="2024-05-15T08:02:19 EEST" skipped="0">
  <testcase classname="testcases.TC02_Login" name="loginWithValidData_P" time="6.231"/>
</testsuite> <!-- testcases.TC02_Login -->
