<?xml version="1.0" encoding="UTF-8"?>
<!-- Generated by org.testng.reporters.JUnitReportReporter -->
<testsuite hostname="IslamAminPc" failures="0" tests="2" name="testcases.TC06_SelectRandomCategorie" time="4.263" errors="0" timestamp="2024-06-12T08:28:39 EEST" skipped="0">
  <testcase classname="testcases.TC06_SelectRandomCategorie" name="chooseRandomCategory" time="2.295"/>
  <testcase classname="testcases.TC06_SelectRandomCategorie" name="chooseRandomCategory" time="1.968"/>
</testsuite> <!-- testcases.TC06_SelectRandomCategorie -->
