<?xml version="1.0" encoding="UTF-8"?>
<!-- Generated by org.testng.reporters.JUnitReportReporter -->
<testsuite hostname="IslamAminPc" failures="0" tests="4" name="testcases.TC09_AddToCartSenario" time="37.144" errors="0" timestamp="2024-06-12T08:28:39 EEST" skipped="0">
  <testcase classname="testcases.TC09_AddToCartSenario" name="userAddToCart" time="9.415"/>
  <testcase classname="testcases.TC09_AddToCartSenario" name="userAddToCart" time="8.284"/>
  <testcase classname="testcases.TC09_AddToCartSenario" name="userAddToCart" time="9.429"/>
  <testcase classname="testcases.TC09_AddToCartSenario" name="userAddToCart" time="10.016"/>
</testsuite> <!-- testcases.TC09_AddToCartSenario -->
