<?xml version="1.0" encoding="UTF-8"?>
<!-- Generated by org.testng.reporters.JUnitReportReporter -->
<testsuite hostname="IslamAminPc" failures="0" tests="1" name="testcases.TC09_AddToCartSenario" time="22.345" errors="0" timestamp="2024-05-17T20:15:40 EEST" skipped="0">
  <testcase classname="testcases.TC09_AddToCartSenario" name="userSelectDiffCatg" time="22.345"/>
</testsuite> <!-- testcases.TC09_AddToCartSenario -->
