<?xml version="1.0" encoding="UTF-8"?>
<!-- Generated by org.testng.reporters.JUnitReportReporter -->
<testsuite hostname="IslamAminPc" failures="0" tests="1" name="testcases.TC13_FillingBillingAdress" time="23.133" errors="0" timestamp="2024-06-12T08:28:39 EEST" skipped="0">
  <testcase classname="testcases.TC13_FillingBillingAdress" name="fillAdressAndInformation" time="23.133"/>
</testsuite> <!-- testcases.TC13_FillingBillingAdress -->
