<?xml version="1.0" encoding="UTF-8"?>
<!-- Generated by org.testng.reporters.JUnitReportReporter -->
<testsuite hostname="IslamAminPc" failures="0" tests="1" name="testcases.TC01_Registration" time="6.983" errors="0" timestamp="2024-05-15T08:02:19 EEST" skipped="0">
  <testcase classname="testcases.TC01_Registration" name="registerNewUserWithValidData_P" time="6.983"/>
</testsuite> <!-- testcases.TC01_Registration -->
