<?xml version="1.0" encoding="UTF-8"?>
<!-- Generated by org.testng.reporters.JUnitReportReporter -->
<testsuite hostname="IslamAminPc" failures="0" tests="2" name="testcases.TC11_AddToCompareListSenario" time="21.728" errors="0" timestamp="2024-06-12T08:28:39 EEST" skipped="0">
  <testcase classname="testcases.TC11_AddToCompareListSenario" name="userAddToCompareList" time="10.489"/>
  <testcase classname="testcases.TC11_AddToCompareListSenario" name="userAddToCompareList" time="11.239"/>
</testsuite> <!-- testcases.TC11_AddToCompareListSenario -->
