<?xml version="1.0" encoding="UTF-8"?>
<!-- Generated by org.testng.reporters.JUnitReportReporter -->
<testsuite hostname="IslamAminPc" failures="0" tests="1" name="testcases.TC14_EditFillingAdress" time="16.342" errors="0" timestamp="2024-06-12T08:28:39 EEST" skipped="0">
  <testcase classname="testcases.TC14_EditFillingAdress" name="Edit_BillingAdress" time="16.342"/>
</testsuite> <!-- testcases.TC14_EditFillingAdress -->
